#
# There is insufficient memory for the Java Runtime Environment to continue.
# Native memory allocation (malloc) failed to allocate 2021728 bytes for Chunk::new
# Possible reasons:
#   The system is out of physical RAM or swap space
#   The process is running with CompressedOops enabled, and the Java Heap may be blocking the growth of the native heap
# Possible solutions:
#   Reduce memory load on the system
#   Increase physical memory or swap space
#   Check if swap backing store is full
#   Decrease Java heap size (-Xmx/-Xms)
#   Decrease number of Java threads
#   Decrease Java thread stack sizes (-Xss)
#   Set larger code cache with -XX:ReservedCodeCacheSize=
#   JVM is running with Unscaled Compressed Oops mode in which the Java heap is
#     placed in the first 4GB address space. The Java Heap base address is the
#     maximum limit for the native heap growth. Please use -XX:HeapBaseMinAddress
#     to set the Java Heap base and to place the Java Heap above 4GB virtual address.
# This output file may be truncated or incomplete.
#
#  Out of Memory Error (arena.cpp:189), pid=9080, tid=5216
#
# JRE version: OpenJDK Runtime Environment Temurin-17.0.4.1+1 (17.0.4.1+1) (build 17.0.4.1+1)
# Java VM: OpenJDK 64-Bit Server VM Temurin-17.0.4.1+1 (17.0.4.1+1, mixed mode, tiered, compressed oops, compressed class ptrs, parallel gc, windows-amd64)
# No core dump will be written. Minidumps are not enabled by default on client versions of Windows
#

---------------  S U M M A R Y ------------

Command Line: --add-modules=ALL-SYSTEM --add-opens=java.base/java.util=ALL-UNNAMED --add-opens=java.base/java.lang=ALL-UNNAMED --add-opens=java.base/sun.nio.fs=ALL-UNNAMED -Declipse.application=org.eclipse.jdt.ls.core.id1 -Dosgi.bundles.defaultStartLevel=4 -Declipse.product=org.eclipse.jdt.ls.core.product -Djava.import.generatesMetadataFilesAtProjectRoot=false -Dfile.encoding=utf8 -DwatchParentProcess=false -XX:+UseParallelGC -XX:GCTimeRatio=4 -XX:AdaptiveSizePolicyWeight=90 -Dsun.zip.disableMemoryMapping=true -Xmx1G -Xms100m -Xlog:disable -javaagent:c:\Users\RodrigoDEV\.vscode\extensions\redhat.java-1.11.0-win32-x64\lombok\lombok-1.18.24.jar -XX:+HeapDumpOnOutOfMemoryError -XX:HeapDumpPath=c:\Users\RodrigoDEV\AppData\Roaming\Code\User\workspaceStorage\ec4e44069fe9ad3a1b566d6aa5bee982\redhat.java c:\Users\RodrigoDEV\.vscode\extensions\redhat.java-1.11.0-win32-x64\server\plugins\org.eclipse.equinox.launcher_1.6.400.v20210924-0641.jar -configuration c:\Users\RodrigoDEV\AppData\Roaming\Code\User\globalStorage\redhat.java\1.11.0\config_win -data c:\Users\RodrigoDEV\AppData\Roaming\Code\User\workspaceStorage\ec4e44069fe9ad3a1b566d6aa5bee982\redhat.java\jdt_ws

Host: Intel(R) Atom(TM) x5-Z8350  CPU @ 1.44GHz, 4 cores, 3G,  Windows 10 , 64 bit Build 17763 (10.0.17763.3287)
Time: Thu Oct  6 19:54:51 2022 Hora oficial do Brasil elapsed time: 289.615180 seconds (0d 0h 4m 49s)

---------------  T H R E A D  ---------------

Current thread (0x000001bcffb20760):  JavaThread "C2 CompilerThread0" daemon [_thread_in_native, id=5216, stack(0x000000237c700000,0x000000237c800000)]


Current CompileTask:
C2: 289715 5812   !   4       org.eclipse.osgi.internal.loader.classpath.ClasspathManager::defineClass (636 bytes)

Stack: [0x000000237c700000,0x000000237c800000]
Native frames: (J=compiled Java code, j=interpreted, Vv=VM code, C=native code)
V  [jvm.dll+0x67731a]
V  [jvm.dll+0x832284]
V  [jvm.dll+0x833a2e]
V  [jvm.dll+0x834093]
V  [jvm.dll+0x245775]
V  [jvm.dll+0xabd7b]
V  [jvm.dll+0xac30c]
V  [jvm.dll+0x363a97]
V  [jvm.dll+0x32e011]
V  [jvm.dll+0x32d4ba]
V  [jvm.dll+0x218681]
V  [jvm.dll+0x217aa1]
V  [jvm.dll+0x1a3f8d]
V  [jvm.dll+0x227498]
V  [jvm.dll+0x2255e5]
V  [jvm.dll+0x7e7e9b]
V  [jvm.dll+0x7e240a]
V  [jvm.dll+0x6761a5]
C  [ucrtbase.dll+0x2268a]
C  [KERNEL32.DLL+0x17974]
C  [ntdll.dll+0x5a2f1]


---------------  P R O C E S S  ---------------

Threads class SMR info:
_java_thread_list=0x000001bc879e3d70, length=23, elements={
0x000001bcebd45ad0, 0x000001bcffac6740, 0x000001bcffac7c10, 0x000001bcffaf3270,
0x000001bcffaf3e20, 0x000001bcffaf49d0, 0x000001bcffaf6ae0, 0x000001bcffb20760,
0x000001bcffb21110, 0x000001bc834c8070, 0x000001bcebe02250, 0x000001bc838c80b0,
0x000001bc8383e2a0, 0x000001bc83aef390, 0x000001bc83aef860, 0x000001bc83e9b780,
0x000001bc8390e7f0, 0x000001bc83639680, 0x000001bc83bda0a0, 0x000001bc84eca060,
0x000001bc84eca530, 0x000001bc84ecaa00, 0x000001bc84ecd080
}

Java Threads: ( => current thread )
  0x000001bcebd45ad0 JavaThread "main" [_thread_blocked, id=8948, stack(0x000000237be00000,0x000000237bf00000)]
  0x000001bcffac6740 JavaThread "Reference Handler" daemon [_thread_blocked, id=9912, stack(0x000000237c100000,0x000000237c200000)]
  0x000001bcffac7c10 JavaThread "Finalizer" daemon [_thread_blocked, id=5360, stack(0x000000237c200000,0x000000237c300000)]
  0x000001bcffaf3270 JavaThread "Signal Dispatcher" daemon [_thread_blocked, id=9108, stack(0x000000237c300000,0x000000237c400000)]
  0x000001bcffaf3e20 JavaThread "Attach Listener" daemon [_thread_blocked, id=8944, stack(0x000000237c400000,0x000000237c500000)]
  0x000001bcffaf49d0 JavaThread "Service Thread" daemon [_thread_blocked, id=8436, stack(0x000000237c500000,0x000000237c600000)]
  0x000001bcffaf6ae0 JavaThread "Monitor Deflation Thread" daemon [_thread_blocked, id=9800, stack(0x000000237c600000,0x000000237c700000)]
=>0x000001bcffb20760 JavaThread "C2 CompilerThread0" daemon [_thread_in_native, id=5216, stack(0x000000237c700000,0x000000237c800000)]
  0x000001bcffb21110 JavaThread "C1 CompilerThread0" daemon [_thread_blocked, id=164, stack(0x000000237c800000,0x000000237c900000)]
  0x000001bc834c8070 JavaThread "Sweeper thread" daemon [_thread_blocked, id=10220, stack(0x000000237c900000,0x000000237ca00000)]
  0x000001bcebe02250 JavaThread "Common-Cleaner" daemon [_thread_blocked, id=7768, stack(0x000000237ca00000,0x000000237cb00000)]
  0x000001bc838c80b0 JavaThread "Notification Thread" daemon [_thread_blocked, id=8688, stack(0x000000237cb00000,0x000000237cc00000)]
  0x000001bc8383e2a0 JavaThread "Active Thread: Equinox Container: d8695070-43f7-4c94-a784-4e743be55268" [_thread_blocked, id=2452, stack(0x000000237d000000,0x000000237d100000)]
  0x000001bc83aef390 JavaThread "Framework Event Dispatcher: Equinox Container: d8695070-43f7-4c94-a784-4e743be55268" daemon [_thread_blocked, id=5448, stack(0x000000237d100000,0x000000237d200000)]
  0x000001bc83aef860 JavaThread "Start Level: Equinox Container: d8695070-43f7-4c94-a784-4e743be55268" daemon [_thread_blocked, id=3776, stack(0x000000237d200000,0x000000237d300000)]
  0x000001bc83e9b780 JavaThread "SCR Component Actor" daemon [_thread_blocked, id=8528, stack(0x000000237d300000,0x000000237d400000)]
  0x000001bc8390e7f0 JavaThread "Bundle File Closer" daemon [_thread_blocked, id=5388, stack(0x000000237d400000,0x000000237d500000)]
  0x000001bc83639680 JavaThread "Worker-JM" [_thread_blocked, id=8868, stack(0x000000237d600000,0x000000237d700000)]
  0x000001bc83bda0a0 JavaThread "Worker-1" [_thread_blocked, id=5072, stack(0x000000237d700000,0x000000237d800000)]
  0x000001bc84eca060 JavaThread "Java indexing" daemon [_thread_blocked, id=968, stack(0x000000237bb00000,0x000000237bc00000)]
  0x000001bc84eca530 JavaThread "pool-1-thread-1" [_thread_in_vm, id=9864, stack(0x000000237d800000,0x000000237d900000)]
  0x000001bc84ecaa00 JavaThread "Worker-5" [_thread_blocked, id=9712, stack(0x000000237dc00000,0x000000237dd00000)]
  0x000001bc84ecd080 JavaThread "ForkJoinPool.commonPool-worker-2" daemon [_thread_blocked, id=4760, stack(0x000000237e000000,0x000000237e100000)]

Other Threads:
  0x000001bcffaac370 VMThread "VM Thread" [stack: 0x000000237c000000,0x000000237c100000] [id=8352]
  0x000001bc83894af0 WatcherThread [stack: 0x000000237cc00000,0x000000237cd00000] [id=1192]
  0x000001bcebd53fb0 GCTaskThread "GC Thread#0" [stack: 0x000000237bf00000,0x000000237c000000] [id=3204]
  0x000001bc83e3b820 GCTaskThread "GC Thread#1" [stack: 0x000000237cd00000,0x000000237ce00000] [id=1736]
  0x000001bc83e3bce0 GCTaskThread "GC Thread#2" [stack: 0x000000237ce00000,0x000000237cf00000] [id=9576]
  0x000001bc83c44c40 GCTaskThread "GC Thread#3" [stack: 0x000000237cf00000,0x000000237d000000] [id=7648]

Threads with active compile tasks:
C2 CompilerThread0   289978 5812   !   4       org.eclipse.osgi.internal.loader.classpath.ClasspathManager::defineClass (636 bytes)

VM state: not at safepoint (normal execution)

VM Mutex/Monitor currently owned by a thread: None

Heap address: 0x00000000c0000000, size: 1024 MB, Compressed Oops mode: 32-bit

CDS archive(s) not mapped
Compressed class space mapped at: 0x0000000100000000-0x0000000140000000, reserved size: 1073741824
Narrow klass base: 0x0000000000000000, Narrow klass shift: 3, Narrow klass range: 0x140000000

GC Precious Log:
 CPUs: 4 total, 4 available
 Memory: 3955M
 Large Page Support: Disabled
 NUMA Support: Disabled
 Compressed Oops: Enabled (32-bit)
 Alignments: Space 512K, Generation 512K, Heap 2M
 Heap Min Capacity: 100M
 Heap Initial Capacity: 100M
 Heap Max Capacity: 1G
 Pre-touch: Disabled
 Parallel Workers: 4

Heap:
 PSYoungGen      total 13312K, used 584K [0x00000000eab00000, 0x00000000ebf00000, 0x0000000100000000)
  eden space 6144K, 9% used [0x00000000eab00000,0x00000000eab920d8,0x00000000eb100000)
  from space 7168K, 0% used [0x00000000eb100000,0x00000000eb100000,0x00000000eb800000)
  to   space 7168K, 0% used [0x00000000eb800000,0x00000000eb800000,0x00000000ebf00000)
 ParOldGen       total 98304K, used 68176K [0x00000000c0000000, 0x00000000c6000000, 0x00000000eab00000)
  object space 98304K, 69% used [0x00000000c0000000,0x00000000c4294238,0x00000000c6000000)
 Metaspace       used 50954K, committed 51776K, reserved 1097728K
  class space    used 5455K, committed 5824K, reserved 1048576K

Card table byte_map: [0x000001bcff3a0000,0x000001bcff5b0000] _byte_map_base: 0x000001bcfeda0000

Marking Bits: (ParMarkBitMap*) 0x00007ff9b6a12cc0
 Begin Bits: [0x000001bc80000000, 0x000001bc81000000)
 End Bits:   [0x000001bc81000000, 0x000001bc82000000)

Polling page: 0x000001bcebe10000

Metaspace:

Usage:
  Non-class:     44.43 MB used.
      Class:      5.33 MB used.
       Both:     49.76 MB used.

Virtual space:
  Non-class space:       48.00 MB reserved,      44.88 MB ( 93%) committed,  6 nodes.
      Class space:        1.00 GB reserved,       5.69 MB ( <1%) committed,  1 nodes.
             Both:        1.05 GB reserved,      50.56 MB (  5%) committed. 

Chunk freelists:
   Non-Class:  2.72 MB
       Class:  2.17 MB
        Both:  4.89 MB

MaxMetaspaceSize: unlimited
CompressedClassSpaceSize: 1.00 GB
Initial GC threshold: 21.00 MB
Current GC threshold: 84.00 MB
CDS: off
MetaspaceReclaimPolicy: balanced
 - commit_granule_bytes: 65536.
 - commit_granule_words: 8192.
 - virtual_space_node_default_size: 1048576.
 - enlarge_chunks_in_place: 1.
 - new_chunks_are_fully_committed: 0.
 - uncommit_free_chunks: 1.
 - use_allocation_guard: 0.
 - handle_deallocations: 1.


Internal statistics:

num_allocs_failed_limit: 6.
num_arena_births: 358.
num_arena_deaths: 14.
num_vsnodes_births: 7.
num_vsnodes_deaths: 0.
num_space_committed: 809.
num_space_uncommitted: 0.
num_chunks_returned_to_freelist: 26.
num_chunks_taken_from_freelist: 2235.
num_chunk_merges: 9.
num_chunk_splits: 1412.
num_chunks_enlarged: 856.
num_purges: 2.
num_inconsistent_stats: 0.

CodeHeap 'non-profiled nmethods': size=120000Kb used=2301Kb max_used=2428Kb free=117698Kb
 bounds [0x000001bcf7c90000, 0x000001bcf7f00000, 0x000001bcff1c0000]
CodeHeap 'profiled nmethods': size=120000Kb used=9403Kb max_used=11082Kb free=110596Kb
 bounds [0x000001bcf0760000, 0x000001bcf1240000, 0x000001bcf7c90000]
CodeHeap 'non-nmethods': size=5760Kb used=1293Kb max_used=1324Kb free=4466Kb
 bounds [0x000001bcf01c0000, 0x000001bcf0430000, 0x000001bcf0760000]
 total_blobs=5556 nmethods=4933 adapters=538
 compilation: enabled
              stopped_count=0, restarted_count=0
 full_count=0

Compilation events (20 events):
Event: 286.812 Thread 0x000001bcffb21110 nmethod 5802 0x000001bcf07ff510 code [0x000001bcf07ff740, 0x000001bcf07ffe08]
Event: 286.858 Thread 0x000001bcffb21110 5803       1       org.eclipse.core.internal.resources.Workspace::getFileSystemManager (5 bytes)
Event: 286.859 Thread 0x000001bcffb21110 nmethod 5803 0x000001bcf7cb9190 code [0x000001bcf7cb9320, 0x000001bcf7cb93f8]
Event: 286.866 Thread 0x000001bcffb20760 5804       4       java.util.TreeMap::getEntryUsingComparator (74 bytes)
Event: 286.875 Thread 0x000001bcffb21110 5806       3       org.eclipse.core.internal.filesystem.local.LocalFile::<init> (18 bytes)
Event: 286.876 Thread 0x000001bcffb21110 nmethod 5806 0x000001bcf102e310 code [0x000001bcf102e4e0, 0x000001bcf102e808]
Event: 286.919 Thread 0x000001bcffb20760 nmethod 5804 0x000001bcf7cfce10 code [0x000001bcf7cfcfe0, 0x000001bcf7cfd738]
Event: 286.919 Thread 0x000001bcffb20760 5805 %     4       java.net.URI$Parser::scan @ 3 (41 bytes)
Event: 286.934 Thread 0x000001bcffb20760 nmethod 5805% 0x000001bcf7df5190 code [0x000001bcf7df5320, 0x000001bcf7df5628]
Event: 287.121 Thread 0x000001bcffb21110 5807       3       java.net.URI::toLower (19 bytes)
Event: 287.122 Thread 0x000001bcffb21110 nmethod 5807 0x000001bcf095f210 code [0x000001bcf095f3a0, 0x000001bcf095f538]
Event: 287.139 Thread 0x000001bcffb21110 5808       3       java.net.URI::getPath (31 bytes)
Event: 287.140 Thread 0x000001bcffb21110 nmethod 5808 0x000001bcf096b710 code [0x000001bcf096b8c0, 0x000001bcf096bb08]
Event: 287.219 Thread 0x000001bcffb21110 5809       3       java.lang.invoke.MethodHandles$Lookup::resolveOrFail (44 bytes)
Event: 287.224 Thread 0x000001bcffb21110 nmethod 5809 0x000001bcf0984d10 code [0x000001bcf0984fc0, 0x000001bcf0985c68]
Event: 287.225 Thread 0x000001bcffb21110 5810       3       java.lang.invoke.MethodHandles$Lookup::getDirectMethodForConstant (72 bytes)
Event: 287.232 Thread 0x000001bcffb21110 nmethod 5810 0x000001bcf07a7610 code [0x000001bcf07a7960, 0x000001bcf07a8c28]
Event: 287.240 Thread 0x000001bcffb21110 5811       3       java.lang.String::<init> (830 bytes)
Event: 287.261 Thread 0x000001bcffb21110 nmethod 5811 0x000001bcf0d3a890 code [0x000001bcf0d3ad40, 0x000001bcf0d3d5f8]
Event: 287.703 Thread 0x000001bcffb20760 5812   !   4       org.eclipse.osgi.internal.loader.classpath.ClasspathManager::defineClass (636 bytes)

GC Heap History (20 events):
Event: 132.625 GC heap before
{Heap before GC invocations=22 (full 2):
 PSYoungGen      total 24576K, used 24224K [0x00000000eab00000, 0x00000000ec580000, 0x0000000100000000)
  eden space 22016K, 100% used [0x00000000eab00000,0x00000000ec080000,0x00000000ec080000)
  from space 2560K, 86% used [0x00000000ec180000,0x00000000ec3a8000,0x00000000ec400000)
  to   space 1536K, 0% used [0x00000000ec400000,0x00000000ec400000,0x00000000ec580000)
 ParOldGen       total 68608K, used 30027K [0x00000000c0000000, 0x00000000c4300000, 0x00000000eab00000)
  object space 68608K, 43% used [0x00000000c0000000,0x00000000c1d52f98,0x00000000c4300000)
 Metaspace       used 48193K, committed 48960K, reserved 1097728K
  class space    used 5168K, committed 5504K, reserved 1048576K
}
Event: 132.634 GC heap after
{Heap after GC invocations=22 (full 2):
 PSYoungGen      total 22528K, used 128K [0x00000000eab00000, 0x00000000ec480000, 0x0000000100000000)
  eden space 22016K, 0% used [0x00000000eab00000,0x00000000eab00000,0x00000000ec080000)
  from space 512K, 25% used [0x00000000ec400000,0x00000000ec420000,0x00000000ec480000)
  to   space 1024K, 0% used [0x00000000ec280000,0x00000000ec280000,0x00000000ec380000)
 ParOldGen       total 68608K, used 32152K [0x00000000c0000000, 0x00000000c4300000, 0x00000000eab00000)
  object space 68608K, 46% used [0x00000000c0000000,0x00000000c1f662f0,0x00000000c4300000)
 Metaspace       used 48193K, committed 48960K, reserved 1097728K
  class space    used 5168K, committed 5504K, reserved 1048576K
}
Event: 135.178 GC heap before
{Heap before GC invocations=23 (full 2):
 PSYoungGen      total 22528K, used 22144K [0x00000000eab00000, 0x00000000ec480000, 0x0000000100000000)
  eden space 22016K, 100% used [0x00000000eab00000,0x00000000ec080000,0x00000000ec080000)
  from space 512K, 25% used [0x00000000ec400000,0x00000000ec420000,0x00000000ec480000)
  to   space 1024K, 0% used [0x00000000ec280000,0x00000000ec280000,0x00000000ec380000)
 ParOldGen       total 68608K, used 32152K [0x00000000c0000000, 0x00000000c4300000, 0x00000000eab00000)
  object space 68608K, 46% used [0x00000000c0000000,0x00000000c1f662f0,0x00000000c4300000)
 Metaspace       used 48876K, committed 49664K, reserved 1097728K
  class space    used 5250K, committed 5568K, reserved 1048576K
}
Event: 135.184 GC heap after
{Heap after GC invocations=23 (full 2):
 PSYoungGen      total 23040K, used 576K [0x00000000eab00000, 0x00000000ec480000, 0x0000000100000000)
  eden space 22016K, 0% used [0x00000000eab00000,0x00000000eab00000,0x00000000ec080000)
  from space 1024K, 56% used [0x00000000ec280000,0x00000000ec310000,0x00000000ec380000)
  to   space 1024K, 0% used [0x00000000ec380000,0x00000000ec380000,0x00000000ec480000)
 ParOldGen       total 68608K, used 32184K [0x00000000c0000000, 0x00000000c4300000, 0x00000000eab00000)
  object space 68608K, 46% used [0x00000000c0000000,0x00000000c1f6e2f0,0x00000000c4300000)
 Metaspace       used 48876K, committed 49664K, reserved 1097728K
  class space    used 5250K, committed 5568K, reserved 1048576K
}
Event: 141.669 GC heap before
{Heap before GC invocations=24 (full 2):
 PSYoungGen      total 23040K, used 20808K [0x00000000eab00000, 0x00000000ec480000, 0x0000000100000000)
  eden space 22016K, 91% used [0x00000000eab00000,0x00000000ebec20c0,0x00000000ec080000)
  from space 1024K, 56% used [0x00000000ec280000,0x00000000ec310000,0x00000000ec380000)
  to   space 1024K, 0% used [0x00000000ec380000,0x00000000ec380000,0x00000000ec480000)
 ParOldGen       total 68608K, used 32184K [0x00000000c0000000, 0x00000000c4300000, 0x00000000eab00000)
  object space 68608K, 46% used [0x00000000c0000000,0x00000000c1f6e2f0,0x00000000c4300000)
 Metaspace       used 50342K, committed 51136K, reserved 1097728K
  class space    used 5390K, committed 5760K, reserved 1048576K
}
Event: 141.691 GC heap after
{Heap after GC invocations=24 (full 2):
 PSYoungGen      total 23040K, used 576K [0x00000000eab00000, 0x00000000ec480000, 0x0000000100000000)
  eden space 22016K, 0% used [0x00000000eab00000,0x00000000eab00000,0x00000000ec080000)
  from space 1024K, 56% used [0x00000000ec380000,0x00000000ec410000,0x00000000ec480000)
  to   space 1024K, 0% used [0x00000000ec280000,0x00000000ec280000,0x00000000ec380000)
 ParOldGen       total 68608K, used 39156K [0x00000000c0000000, 0x00000000c4300000, 0x00000000eab00000)
  object space 68608K, 57% used [0x00000000c0000000,0x00000000c263d158,0x00000000c4300000)
 Metaspace       used 50342K, committed 51136K, reserved 1097728K
  class space    used 5390K, committed 5760K, reserved 1048576K
}
Event: 143.280 GC heap before
{Heap before GC invocations=25 (full 3):
 PSYoungGen      total 23040K, used 22592K [0x00000000eab00000, 0x00000000ec480000, 0x0000000100000000)
  eden space 22016K, 100% used [0x00000000eab00000,0x00000000ec080000,0x00000000ec080000)
  from space 1024K, 56% used [0x00000000ec380000,0x00000000ec410000,0x00000000ec480000)
  to   space 1024K, 0% used [0x00000000ec280000,0x00000000ec280000,0x00000000ec380000)
 ParOldGen       total 79872K, used 76495K [0x00000000c0000000, 0x00000000c4e00000, 0x00000000eab00000)
  object space 79872K, 95% used [0x00000000c0000000,0x00000000c4ab3ca8,0x00000000c4e00000)
 Metaspace       used 50350K, committed 51200K, reserved 1097728K
  class space    used 5392K, committed 5760K, reserved 1048576K
}
Event: 143.599 GC heap after
{Heap after GC invocations=25 (full 3):
 PSYoungGen      total 22528K, used 0K [0x00000000eab00000, 0x00000000ec400000, 0x0000000100000000)
  eden space 22016K, 0% used [0x00000000eab00000,0x00000000eab00000,0x00000000ec080000)
  from space 512K, 0% used [0x00000000ec280000,0x00000000ec280000,0x00000000ec300000)
  to   space 1024K, 0% used [0x00000000ec300000,0x00000000ec300000,0x00000000ec400000)
 ParOldGen       total 83456K, used 49830K [0x00000000c0000000, 0x00000000c5180000, 0x00000000eab00000)
  object space 83456K, 59% used [0x00000000c0000000,0x00000000c30a99d8,0x00000000c5180000)
 Metaspace       used 50350K, committed 51200K, reserved 1097728K
  class space    used 5392K, committed 5760K, reserved 1048576K
}
Event: 144.126 GC heap before
{Heap before GC invocations=26 (full 3):
 PSYoungGen      total 22528K, used 22016K [0x00000000eab00000, 0x00000000ec400000, 0x0000000100000000)
  eden space 22016K, 100% used [0x00000000eab00000,0x00000000ec080000,0x00000000ec080000)
  from space 512K, 0% used [0x00000000ec280000,0x00000000ec280000,0x00000000ec300000)
  to   space 1024K, 0% used [0x00000000ec300000,0x00000000ec300000,0x00000000ec400000)
 ParOldGen       total 83456K, used 49830K [0x00000000c0000000, 0x00000000c5180000, 0x00000000eab00000)
  object space 83456K, 59% used [0x00000000c0000000,0x00000000c30a99d8,0x00000000c5180000)
 Metaspace       used 50350K, committed 51200K, reserved 1097728K
  class space    used 5392K, committed 5760K, reserved 1048576K
}
Event: 144.186 GC heap after
{Heap after GC invocations=26 (full 3):
 PSYoungGen      total 7168K, used 1024K [0x00000000eab00000, 0x00000000ee400000, 0x0000000100000000)
  eden space 6144K, 0% used [0x00000000eab00000,0x00000000eab00000,0x00000000eb100000)
  from space 1024K, 100% used [0x00000000ec300000,0x00000000ec400000,0x00000000ec400000)
  to   space 18432K, 0% used [0x00000000eb100000,0x00000000eb100000,0x00000000ec300000)
 ParOldGen       total 83456K, used 64414K [0x00000000c0000000, 0x00000000c5180000, 0x00000000eab00000)
  object space 83456K, 77% used [0x00000000c0000000,0x00000000c3ee79d8,0x00000000c5180000)
 Metaspace       used 50350K, committed 51200K, reserved 1097728K
  class space    used 5392K, committed 5760K, reserved 1048576K
}
Event: 144.360 GC heap before
{Heap before GC invocations=27 (full 3):
 PSYoungGen      total 7168K, used 7168K [0x00000000eab00000, 0x00000000ee400000, 0x0000000100000000)
  eden space 6144K, 100% used [0x00000000eab00000,0x00000000eb100000,0x00000000eb100000)
  from space 1024K, 100% used [0x00000000ec300000,0x00000000ec400000,0x00000000ec400000)
  to   space 18432K, 0% used [0x00000000eb100000,0x00000000eb100000,0x00000000ec300000)
 ParOldGen       total 83456K, used 64414K [0x00000000c0000000, 0x00000000c5180000, 0x00000000eab00000)
  object space 83456K, 77% used [0x00000000c0000000,0x00000000c3ee79d8,0x00000000c5180000)
 Metaspace       used 50350K, committed 51200K, reserved 1097728K
  class space    used 5392K, committed 5760K, reserved 1048576K
}
Event: 144.376 GC heap after
{Heap after GC invocations=27 (full 3):
 PSYoungGen      total 10752K, used 4352K [0x00000000eab00000, 0x00000000ec380000, 0x0000000100000000)
  eden space 6144K, 0% used [0x00000000eab00000,0x00000000eab00000,0x00000000eb100000)
  from space 4608K, 94% used [0x00000000eb100000,0x00000000eb540000,0x00000000eb580000)
  to   space 8704K, 0% used [0x00000000ebb00000,0x00000000ebb00000,0x00000000ec380000)
 ParOldGen       total 83456K, used 65454K [0x00000000c0000000, 0x00000000c5180000, 0x00000000eab00000)
  object space 83456K, 78% used [0x00000000c0000000,0x00000000c3feb9d8,0x00000000c5180000)
 Metaspace       used 50350K, committed 51200K, reserved 1097728K
  class space    used 5392K, committed 5760K, reserved 1048576K
}
Event: 144.806 GC heap before
{Heap before GC invocations=28 (full 3):
 PSYoungGen      total 10752K, used 10496K [0x00000000eab00000, 0x00000000ec380000, 0x0000000100000000)
  eden space 6144K, 100% used [0x00000000eab00000,0x00000000eb100000,0x00000000eb100000)
  from space 4608K, 94% used [0x00000000eb100000,0x00000000eb540000,0x00000000eb580000)
  to   space 8704K, 0% used [0x00000000ebb00000,0x00000000ebb00000,0x00000000ec380000)
 ParOldGen       total 83456K, used 65454K [0x00000000c0000000, 0x00000000c5180000, 0x00000000eab00000)
  object space 83456K, 78% used [0x00000000c0000000,0x00000000c3feb9d8,0x00000000c5180000)
 Metaspace       used 50350K, committed 51200K, reserved 1097728K
  class space    used 5392K, committed 5760K, reserved 1048576K
}
Event: 144.826 GC heap after
{Heap after GC invocations=28 (full 3):
 PSYoungGen      total 10752K, used 4384K [0x00000000eab00000, 0x00000000ebf80000, 0x0000000100000000)
  eden space 6144K, 0% used [0x00000000eab00000,0x00000000eab00000,0x00000000eb100000)
  from space 4608K, 95% used [0x00000000ebb00000,0x00000000ebf48000,0x00000000ebf80000)
  to   space 5120K, 0% used [0x00000000eb580000,0x00000000eb580000,0x00000000eba80000)
 ParOldGen       total 83456K, used 69750K [0x00000000c0000000, 0x00000000c5180000, 0x00000000eab00000)
  object space 83456K, 83% used [0x00000000c0000000,0x00000000c441d9d8,0x00000000c5180000)
 Metaspace       used 50350K, committed 51200K, reserved 1097728K
  class space    used 5392K, committed 5760K, reserved 1048576K
}
Event: 145.020 GC heap before
{Heap before GC invocations=29 (full 3):
 PSYoungGen      total 10752K, used 10528K [0x00000000eab00000, 0x00000000ebf80000, 0x0000000100000000)
  eden space 6144K, 100% used [0x00000000eab00000,0x00000000eb100000,0x00000000eb100000)
  from space 4608K, 95% used [0x00000000ebb00000,0x00000000ebf48000,0x00000000ebf80000)
  to   space 5120K, 0% used [0x00000000eb580000,0x00000000eb580000,0x00000000eba80000)
 ParOldGen       total 83456K, used 69750K [0x00000000c0000000, 0x00000000c5180000, 0x00000000eab00000)
  object space 83456K, 83% used [0x00000000c0000000,0x00000000c441d9d8,0x00000000c5180000)
 Metaspace       used 50350K, committed 51200K, reserved 1097728K
  class space    used 5392K, committed 5760K, reserved 1048576K
}
Event: 145.044 GC heap after
{Heap after GC invocations=29 (full 3):
 PSYoungGen      total 10752K, used 4320K [0x00000000eab00000, 0x00000000ebb80000, 0x0000000100000000)
  eden space 6144K, 0% used [0x00000000eab00000,0x00000000eab00000,0x00000000eb100000)
  from space 4608K, 93% used [0x00000000eb580000,0x00000000eb9b8000,0x00000000eba00000)
  to   space 1536K, 0% used [0x00000000eba00000,0x00000000eba00000,0x00000000ebb80000)
 ParOldGen       total 83456K, used 74070K [0x00000000c0000000, 0x00000000c5180000, 0x00000000eab00000)
  object space 83456K, 88% used [0x00000000c0000000,0x00000000c48559d8,0x00000000c5180000)
 Metaspace       used 50350K, committed 51200K, reserved 1097728K
  class space    used 5392K, committed 5760K, reserved 1048576K
}
Event: 288.717 GC heap before
{Heap before GC invocations=30 (full 3):
 PSYoungGen      total 10752K, used 10463K [0x00000000eab00000, 0x00000000ebb80000, 0x0000000100000000)
  eden space 6144K, 99% used [0x00000000eab00000,0x00000000eb0fff58,0x00000000eb100000)
  from space 4608K, 93% used [0x00000000eb580000,0x00000000eb9b8000,0x00000000eba00000)
  to   space 1536K, 0% used [0x00000000eba00000,0x00000000eba00000,0x00000000ebb80000)
 ParOldGen       total 83456K, used 74070K [0x00000000c0000000, 0x00000000c5180000, 0x00000000eab00000)
  object space 83456K, 88% used [0x00000000c0000000,0x00000000c48559d8,0x00000000c5180000)
 Metaspace       used 50797K, committed 51584K, reserved 1097728K
  class space    used 5432K, committed 5760K, reserved 1048576K
}
Event: 288.749 GC heap after
{Heap after GC invocations=30 (full 3):
 PSYoungGen      total 7680K, used 1536K [0x00000000eab00000, 0x00000000ebf00000, 0x0000000100000000)
  eden space 6144K, 0% used [0x00000000eab00000,0x00000000eab00000,0x00000000eb100000)
  from space 1536K, 100% used [0x00000000eba00000,0x00000000ebb80000,0x00000000ebb80000)
  to   space 7168K, 0% used [0x00000000eb100000,0x00000000eb100000,0x00000000eb800000)
 ParOldGen       total 83456K, used 79174K [0x00000000c0000000, 0x00000000c5180000, 0x00000000eab00000)
  object space 83456K, 94% used [0x00000000c0000000,0x00000000c4d519d8,0x00000000c5180000)
 Metaspace       used 50797K, committed 51584K, reserved 1097728K
  class space    used 5432K, committed 5760K, reserved 1048576K
}
Event: 288.749 GC heap before
{Heap before GC invocations=31 (full 4):
 PSYoungGen      total 7680K, used 1536K [0x00000000eab00000, 0x00000000ebf00000, 0x0000000100000000)
  eden space 6144K, 0% used [0x00000000eab00000,0x00000000eab00000,0x00000000eb100000)
  from space 1536K, 100% used [0x00000000eba00000,0x00000000ebb80000,0x00000000ebb80000)
  to   space 7168K, 0% used [0x00000000eb100000,0x00000000eb100000,0x00000000eb800000)
 ParOldGen       total 83456K, used 79174K [0x00000000c0000000, 0x00000000c5180000, 0x00000000eab00000)
  object space 83456K, 94% used [0x00000000c0000000,0x00000000c4d519d8,0x00000000c5180000)
 Metaspace       used 50797K, committed 51584K, reserved 1097728K
  class space    used 5432K, committed 5760K, reserved 1048576K
}
Event: 289.214 GC heap after
{Heap after GC invocations=31 (full 4):
 PSYoungGen      total 13312K, used 0K [0x00000000eab00000, 0x00000000ebf00000, 0x0000000100000000)
  eden space 6144K, 0% used [0x00000000eab00000,0x00000000eab00000,0x00000000eb100000)
  from space 7168K, 0% used [0x00000000eb100000,0x00000000eb100000,0x00000000eb800000)
  to   space 7168K, 0% used [0x00000000eb800000,0x00000000eb800000,0x00000000ebf00000)
 ParOldGen       total 98304K, used 68176K [0x00000000c0000000, 0x00000000c6000000, 0x00000000eab00000)
  object space 98304K, 69% used [0x00000000c0000000,0x00000000c4294238,0x00000000c6000000)
 Metaspace       used 50797K, committed 51584K, reserved 1097728K
  class space    used 5432K, committed 5760K, reserved 1048576K
}

Deoptimization events (20 events):
Event: 286.863 Thread 0x000001bc84eca530 Uncommon trap: trap_request=0xffffff45 fr.pc=0x000001bcf7d19440 relative=0x0000000000000040
Event: 286.863 Thread 0x000001bc84eca530 Uncommon trap: reason=unstable_if action=reinterpret pc=0x000001bcf7d19440 method=sun.nio.fs.WindowsPathParser.isSlash(C)Z @ 9 c2
Event: 286.863 Thread 0x000001bc84eca530 DEOPT PACKING pc=0x000001bcf7d19440 sp=0x000000237d8fd2d0
Event: 286.863 Thread 0x000001bc84eca530 DEOPT UNPACKING pc=0x000001bcf021209d sp=0x000000237d8fd258 mode 2
Event: 287.129 Thread 0x000001bc84eca530 Uncommon trap: trap_request=0xffffffbe fr.pc=0x000001bcf7cfd5f0 relative=0x0000000000000610
Event: 287.129 Thread 0x000001bc84eca530 Uncommon trap: reason=profile_predicate action=maybe_recompile pc=0x000001bcf7cfd5f0 method=java.util.TreeMap.getEntryUsingComparator(Ljava/lang/Object;)Ljava/util/TreeMap$Entry; @ 19 c2
Event: 287.129 Thread 0x000001bc84eca530 DEOPT PACKING pc=0x000001bcf7cfd5f0 sp=0x000000237d8fd6f0
Event: 287.129 Thread 0x000001bc84eca530 DEOPT UNPACKING pc=0x000001bcf021209d sp=0x000000237d8fd6a0 mode 2
Event: 287.129 Thread 0x000001bc84eca530 Uncommon trap: trap_request=0xffffffbe fr.pc=0x000001bcf7cfd5f0 relative=0x0000000000000610
Event: 287.129 Thread 0x000001bc84eca530 Uncommon trap: reason=profile_predicate action=maybe_recompile pc=0x000001bcf7cfd5f0 method=java.util.TreeMap.getEntryUsingComparator(Ljava/lang/Object;)Ljava/util/TreeMap$Entry; @ 19 c2
Event: 287.136 Thread 0x000001bc84eca530 DEOPT PACKING pc=0x000001bcf7cfd5f0 sp=0x000000237d8fd6f0
Event: 287.136 Thread 0x000001bc84eca530 DEOPT UNPACKING pc=0x000001bcf021209d sp=0x000000237d8fd6a0 mode 2
Event: 287.136 Thread 0x000001bc84eca530 Uncommon trap: trap_request=0xffffffbe fr.pc=0x000001bcf7cfd5f0 relative=0x0000000000000610
Event: 287.136 Thread 0x000001bc84eca530 Uncommon trap: reason=profile_predicate action=maybe_recompile pc=0x000001bcf7cfd5f0 method=java.util.TreeMap.getEntryUsingComparator(Ljava/lang/Object;)Ljava/util/TreeMap$Entry; @ 19 c2
Event: 287.136 Thread 0x000001bc84eca530 DEOPT PACKING pc=0x000001bcf7cfd5f0 sp=0x000000237d8fd6f0
Event: 287.136 Thread 0x000001bc84eca530 DEOPT UNPACKING pc=0x000001bcf021209d sp=0x000000237d8fd6a0 mode 2
Event: 287.137 Thread 0x000001bc84eca530 Uncommon trap: trap_request=0xffffffbe fr.pc=0x000001bcf7cfd5f0 relative=0x0000000000000610
Event: 287.137 Thread 0x000001bc84eca530 Uncommon trap: reason=profile_predicate action=maybe_recompile pc=0x000001bcf7cfd5f0 method=java.util.TreeMap.getEntryUsingComparator(Ljava/lang/Object;)Ljava/util/TreeMap$Entry; @ 19 c2
Event: 287.137 Thread 0x000001bc84eca530 DEOPT PACKING pc=0x000001bcf7cfd5f0 sp=0x000000237d8fd6f0
Event: 287.137 Thread 0x000001bc84eca530 DEOPT UNPACKING pc=0x000001bcf021209d sp=0x000000237d8fd6a0 mode 2

Classes unloaded (7 events):
Event: 59.198 Thread 0x000001bcffaac370 Unloading class 0x0000000100218800 'java/lang/invoke/LambdaForm$MH+0x0000000100218800'
Event: 59.198 Thread 0x000001bcffaac370 Unloading class 0x0000000100218400 'java/lang/invoke/LambdaForm$MH+0x0000000100218400'
Event: 59.198 Thread 0x000001bcffaac370 Unloading class 0x0000000100218000 'java/lang/invoke/LambdaForm$MH+0x0000000100218000'
Event: 59.198 Thread 0x000001bcffaac370 Unloading class 0x0000000100217800 'java/lang/invoke/LambdaForm$MH+0x0000000100217800'
Event: 59.198 Thread 0x000001bcffaac370 Unloading class 0x0000000100217400 'java/lang/invoke/LambdaForm$BMH+0x0000000100217400'
Event: 59.198 Thread 0x000001bcffaac370 Unloading class 0x0000000100217000 'java/lang/invoke/LambdaForm$DMH+0x0000000100217000'
Event: 59.198 Thread 0x000001bcffaac370 Unloading class 0x0000000100214400 'java/lang/invoke/LambdaForm$DMH+0x0000000100214400'

Classes redefined (0 events):
No events

Internal exceptions (20 events):
Event: 133.690 Thread 0x000001bc84ecc6e0 Exception <a 'sun/nio/fs/WindowsException'{0x00000000eb13fef0}> (0x00000000eb13fef0) 
thrown [s\src\hotspot\share\prims\jni.cpp, line 516]
Event: 133.696 Thread 0x000001bc84ecc6e0 Exception <a 'sun/nio/fs/WindowsException'{0x00000000eb143580}> (0x00000000eb143580) 
thrown [s\src\hotspot\share\prims\jni.cpp, line 516]
Event: 133.698 Thread 0x000001bc84ecc6e0 Exception <a 'sun/nio/fs/WindowsException'{0x00000000eb146d68}> (0x00000000eb146d68) 
thrown [s\src\hotspot\share\prims\jni.cpp, line 516]
Event: 133.729 Thread 0x000001bc84ecc6e0 Exception <a 'sun/nio/fs/WindowsException'{0x00000000eb151458}> (0x00000000eb151458) 
thrown [s\src\hotspot\share\prims\jni.cpp, line 516]
Event: 133.802 Thread 0x000001bc84ecc6e0 Exception <a 'sun/nio/fs/WindowsException'{0x00000000eb189da8}> (0x00000000eb189da8) 
thrown [s\src\hotspot\share\prims\jni.cpp, line 516]
Event: 133.809 Thread 0x000001bc84ecaa00 Exception <a 'java/lang/NoSuchMethodError'{0x00000000eb1e0178}: 'int java.lang.invoke.DirectMethodHandle$Holder.invokeVirtual(java.lang.Object, java.lang.Object)'> (0x00000000eb1e0178) 
thrown [s\src\hotspot\share\interpreter\linkResolver.cpp, line 759]
Event: 133.930 Thread 0x000001bc84ecc6e0 Exception <a 'sun/nio/fs/WindowsException'{0x00000000eb1a2638}> (0x00000000eb1a2638) 
thrown [s\src\hotspot\share\prims\jni.cpp, line 516]
Event: 134.322 Thread 0x000001bc84eca530 Exception <a 'sun/nio/fs/WindowsException'{0x00000000eb34b5b8}> (0x00000000eb34b5b8) 
thrown [s\src\hotspot\share\prims\jni.cpp, line 516]
Event: 134.452 Thread 0x000001bc83bda0a0 Exception <a 'java/lang/NoSuchMethodError'{0x00000000eb422b00}: 'java.lang.Object java.lang.invoke.DirectMethodHandle$Holder.newInvokeSpecial(java.lang.Object, java.lang.Object, java.lang.Object, java.lang.Object, java.lang.Object, java.lang.Object, java.lang.Object, java.lang.Object)'> (0x00000000eb422b00) 
thrown [s\src\hotspot\share\interpreter\linkResolver.cpp, line 759]
Event: 134.457 Thread 0x000001bc83bda0a0 Exception <a 'java/lang/NoSuchMethodError'{0x00000000eb427bc8}: 'java.lang.Object java.lang.invoke.DirectMethodHandle$Holder.invokeSpecial(java.lang.Object, java.lang.Object, java.lang.Object, java.lang.Object, java.lang.Object, java.lang.Object, java.lang.Object, java.lang.Object, java.lang.Object)'> (0x00000000eb427bc8) 
thrown [s\src\hotspot\share\interpreter\linkResolver.cpp, line 759]
Event: 134.460 Thread 0x000001bc83bda0a0 Exception <a 'java/lang/NoSuchMethodError'{0x00000000eb436870}: 'java.lang.Object java.lang.invoke.Invokers$Holder.linkToTargetMethod(java.lang.Object, java.lang.Object, java.lang.Object, java.lang.Object, java.lang.Object, java.lang.Object, java.lang.Object, java.lang.Object)'> (0x00000000eb436870) 
thrown [s\src\hotspot\share\interpreter\linkResolver.cpp, line 759]
Event: 134.594 Thread 0x000001bc83bda0a0 Exception <a 'java/lang/NoSuchMethodError'{0x00000000eb516a80}: 'int java.lang.invoke.DirectMethodHandle$Holder.invokeStatic(java.lang.Object)'> (0x00000000eb516a80) 
thrown [s\src\hotspot\share\interpreter\linkResolver.cpp, line 759]
Event: 134.683 Thread 0x000001bc83bda0a0 Exception <a 'java/io/FileNotFoundException'{0x00000000eb5993e0}> (0x00000000eb5993e0) 
thrown [s\src\hotspot\share\prims\jni.cpp, line 516]
Event: 134.684 Thread 0x000001bc83bda0a0 Exception <a 'java/io/FileNotFoundException'{0x00000000eb59b220}> (0x00000000eb59b220) 
thrown [s\src\hotspot\share\prims\jni.cpp, line 516]
Event: 134.685 Thread 0x000001bc83bda0a0 Exception <a 'java/io/FileNotFoundException'{0x00000000eb59c810}> (0x00000000eb59c810) 
thrown [s\src\hotspot\share\prims\jni.cpp, line 516]
Event: 135.528 Thread 0x000001bc83bda0a0 Exception <a 'java/lang/NoSuchMethodError'{0x00000000eb1a9000}: 'java.lang.Object java.lang.invoke.DirectMethodHandle$Holder.newInvokeSpecial(java.lang.Object, java.lang.Object, java.lang.Object, int)'> (0x00000000eb1a9000) 
thrown [s\src\hotspot\share\interpreter\linkResolver.cpp, line 759]
Event: 135.529 Thread 0x000001bc83bda0a0 Exception <a 'java/lang/NoSuchMethodError'{0x00000000eb1ad350}: 'java.lang.Object java.lang.invoke.DirectMethodHandle$Holder.invokeSpecial(java.lang.Object, java.lang.Object, java.lang.Object, java.lang.Object, int)'> (0x00000000eb1ad350) 
thrown [s\src\hotspot\share\interpreter\linkResolver.cpp, line 759]
Event: 135.531 Thread 0x000001bc83bda0a0 Exception <a 'java/lang/NoSuchMethodError'{0x00000000eb1b0a58}: 'java.lang.Object java.lang.invoke.Invokers$Holder.linkToTargetMethod(java.lang.Object, java.lang.Object, int, java.lang.Object)'> (0x00000000eb1b0a58) 
thrown [s\src\hotspot\share\interpreter\linkResolver.cpp, line 759]
Event: 140.971 Thread 0x000001bc84ecb870 Exception <a 'sun/nio/fs/WindowsException'{0x00000000eb7e5880}> (0x00000000eb7e5880) 
thrown [s\src\hotspot\share\prims\jni.cpp, line 516]
Event: 286.538 Thread 0x000001bc84eca530 Exception <a 'java/lang/NoSuchMethodError'{0x00000000eae76da8}: 'java.lang.Object java.lang.invoke.DirectMethodHandle$Holder.invokeInterface(java.lang.Object, java.lang.Object, java.lang.Object)'> (0x00000000eae76da8) 
thrown [s\src\hotspot\share\interpreter\linkResolver.cpp, line 759]

VM Operations (20 events):
Event: 140.377 Executing VM operation: HandshakeAllThreads
Event: 140.377 Executing VM operation: HandshakeAllThreads done
Event: 140.978 Executing VM operation: HandshakeAllThreads
Event: 140.978 Executing VM operation: HandshakeAllThreads done
Event: 141.668 Executing VM operation: ParallelGCFailedAllocation
Event: 141.691 Executing VM operation: ParallelGCFailedAllocation done
Event: 143.280 Executing VM operation: ParallelGCFailedAllocation
Event: 143.600 Executing VM operation: ParallelGCFailedAllocation done
Event: 144.125 Executing VM operation: ParallelGCFailedAllocation
Event: 144.186 Executing VM operation: ParallelGCFailedAllocation done
Event: 144.360 Executing VM operation: ParallelGCFailedAllocation
Event: 144.376 Executing VM operation: ParallelGCFailedAllocation done
Event: 144.806 Executing VM operation: ParallelGCFailedAllocation
Event: 144.826 Executing VM operation: ParallelGCFailedAllocation done
Event: 145.020 Executing VM operation: ParallelGCFailedAllocation
Event: 145.044 Executing VM operation: ParallelGCFailedAllocation done
Event: 287.178 Executing VM operation: Cleanup
Event: 287.178 Executing VM operation: Cleanup done
Event: 288.717 Executing VM operation: ParallelGCFailedAllocation
Event: 289.215 Executing VM operation: ParallelGCFailedAllocation done

Events (20 events):
Event: 141.273 loading class sun/security/jca/JCAUtil done
Event: 141.274 loading class javax/crypto/NullCipher
Event: 141.274 loading class javax/crypto/NullCipher done
Event: 141.275 loading class sun/security/util/ArrayUtil
Event: 141.277 loading class sun/security/util/ArrayUtil done
Event: 141.632 loading class java/util/zip/CheckedInputStream
Event: 141.633 loading class java/util/zip/CheckedInputStream done
Event: 141.867 Thread 0x000001bc83889b60 Thread added: 0x000001bc83889b60
Event: 142.245 loading class java/io/SequenceInputStream
Event: 142.245 loading class java/io/SequenceInputStream done
Event: 142.245 loading class java/util/zip/GZIPInputStream$1
Event: 142.386 loading class java/util/zip/GZIPInputStream$1 done
Event: 142.691 Thread 0x000001bc83889b60 Thread exited: 0x000001bc83889b60
Event: 145.345 Thread 0x000001bc84ecb870 Thread exited: 0x000001bc84ecb870
Event: 194.639 Thread 0x000001bc84ecc210 Thread exited: 0x000001bc84ecc210
Event: 194.640 Thread 0x000001bc84ecc6e0 Thread exited: 0x000001bc84ecc6e0
Event: 194.640 Thread 0x000001bc84ecaed0 Thread exited: 0x000001bc84ecaed0
Event: 195.928 Thread 0x000001bc83fbe2d0 Thread exited: 0x000001bc83fbe2d0
Event: 198.555 Thread 0x000001bc84ecd550 Thread exited: 0x000001bc84ecd550
Event: 258.561 Thread 0x000001bc84ecb3a0 Thread exited: 0x000001bc84ecb3a0


Dynamic libraries:
0x00007ff7d6790000 - 0x00007ff7d679e000 	c:\Users\RodrigoDEV\.vscode\extensions\redhat.java-1.11.0-win32-x64\jre\17.0.4.1-win32-x86_64\bin\java.exe
0x00007ffa00c20000 - 0x00007ffa00e0e000 	C:\Windows\SYSTEM32\ntdll.dll
0x00007ff9fe590000 - 0x00007ff9fe643000 	C:\Windows\System32\KERNEL32.DLL
0x00007ff9fd6b0000 - 0x00007ff9fd94a000 	C:\Windows\System32\KERNELBASE.dll
0x00007ff9fcd20000 - 0x00007ff9fce1a000 	C:\Windows\System32\ucrtbase.dll
0x00007ff9e7f90000 - 0x00007ff9e7fa8000 	c:\Users\RodrigoDEV\.vscode\extensions\redhat.java-1.11.0-win32-x64\jre\17.0.4.1-win32-x86_64\bin\jli.dll
0x00007ff9e9570000 - 0x00007ff9e9589000 	c:\Users\RodrigoDEV\.vscode\extensions\redhat.java-1.11.0-win32-x64\jre\17.0.4.1-win32-x86_64\bin\VCRUNTIME140.dll
0x00007ff9fe3f0000 - 0x00007ff9fe587000 	C:\Windows\System32\USER32.dll
0x00007ff9fccb0000 - 0x00007ff9fccd0000 	C:\Windows\System32\win32u.dll
0x00007ff9fe650000 - 0x00007ff9fe679000 	C:\Windows\System32\GDI32.dll
0x00007ff9eb760000 - 0x00007ff9eb9d9000 	C:\Windows\WinSxS\amd64_microsoft.windows.common-controls_6595b64144ccf1df_6.0.17763.3406_none_de6d5d06534ed2cb\COMCTL32.dll
0x00007ff9fdc20000 - 0x00007ff9fddbd000 	C:\Windows\System32\gdi32full.dll
0x00007ff9fd950000 - 0x00007ff9fd9f0000 	C:\Windows\System32\msvcp_win.dll
0x00007ffa00b50000 - 0x00007ffa00bee000 	C:\Windows\System32\msvcrt.dll
0x00007ff9fe850000 - 0x00007ff9feb7b000 	C:\Windows\System32\combase.dll
0x00007ff9fef00000 - 0x00007ff9ff01d000 	C:\Windows\System32\RPCRT4.dll
0x00007ff9fd620000 - 0x00007ff9fd6a2000 	C:\Windows\System32\bcryptPrimitives.dll
0x00007ff9fe140000 - 0x00007ff9fe16e000 	C:\Windows\System32\IMM32.DLL
0x00007ff9f3170000 - 0x00007ff9f317c000 	c:\Users\RodrigoDEV\.vscode\extensions\redhat.java-1.11.0-win32-x64\jre\17.0.4.1-win32-x86_64\bin\vcruntime140_1.dll
0x00007ff9ba8f0000 - 0x00007ff9ba981000 	c:\Users\RodrigoDEV\.vscode\extensions\redhat.java-1.11.0-win32-x64\jre\17.0.4.1-win32-x86_64\bin\msvcp140.dll
0x00007ff9b5e90000 - 0x00007ff9b6ad6000 	c:\Users\RodrigoDEV\.vscode\extensions\redhat.java-1.11.0-win32-x64\jre\17.0.4.1-win32-x86_64\bin\server\jvm.dll
0x00007ff9fece0000 - 0x00007ff9fed87000 	C:\Windows\System32\ADVAPI32.dll
0x00007ff9fe170000 - 0x00007ff9fe20f000 	C:\Windows\System32\sechost.dll
0x00007ff9fe690000 - 0x00007ff9fe698000 	C:\Windows\System32\PSAPI.DLL
0x00007ff9fad30000 - 0x00007ff9fad39000 	C:\Windows\SYSTEM32\WSOCK32.dll
0x00007ff9fec60000 - 0x00007ff9feccd000 	C:\Windows\System32\WS2_32.dll
0x00007ff9fab50000 - 0x00007ff9fab5a000 	C:\Windows\SYSTEM32\VERSION.dll
0x00007ff9f9fe0000 - 0x00007ff9fa004000 	C:\Windows\SYSTEM32\WINMM.dll
0x00007ff9f9fb0000 - 0x00007ff9f9fdd000 	C:\Windows\SYSTEM32\winmmbase.dll
0x00007ff9fccd0000 - 0x00007ff9fcd1a000 	C:\Windows\System32\cfgmgr32.dll
0x00007ff9fcc60000 - 0x00007ff9fcc71000 	C:\Windows\System32\kernel.appcore.dll
0x00007ff9f2da0000 - 0x00007ff9f2daa000 	c:\Users\RodrigoDEV\.vscode\extensions\redhat.java-1.11.0-win32-x64\jre\17.0.4.1-win32-x86_64\bin\jimage.dll
0x00007ff9fc5f0000 - 0x00007ff9fc7dd000 	C:\Windows\SYSTEM32\DBGHELP.DLL
0x00007ff9fc5c0000 - 0x00007ff9fc5ea000 	C:\Windows\SYSTEM32\dbgcore.DLL
0x00007ff9ed250000 - 0x00007ff9ed25e000 	c:\Users\RodrigoDEV\.vscode\extensions\redhat.java-1.11.0-win32-x64\jre\17.0.4.1-win32-x86_64\bin\instrument.dll
0x00007ff9dc820000 - 0x00007ff9dc845000 	c:\Users\RodrigoDEV\.vscode\extensions\redhat.java-1.11.0-win32-x64\jre\17.0.4.1-win32-x86_64\bin\java.dll
0x00007ff9e7080000 - 0x00007ff9e7098000 	c:\Users\RodrigoDEV\.vscode\extensions\redhat.java-1.11.0-win32-x64\jre\17.0.4.1-win32-x86_64\bin\zip.dll
0x00007ff9ff5d0000 - 0x00007ffa00ac6000 	C:\Windows\System32\SHELL32.dll
0x00007ff9fe210000 - 0x00007ff9fe2b7000 	C:\Windows\System32\shcore.dll
0x00007ff9fced0000 - 0x00007ff9fd617000 	C:\Windows\System32\windows.storage.dll
0x00007ff9fcc80000 - 0x00007ff9fcca3000 	C:\Windows\System32\profapi.dll
0x00007ff9fcc00000 - 0x00007ff9fcc5d000 	C:\Windows\System32\powrprof.dll
0x00007ff9ff570000 - 0x00007ff9ff5c2000 	C:\Windows\System32\shlwapi.dll
0x00007ff9fddc0000 - 0x00007ff9fddd7000 	C:\Windows\System32\cryptsp.dll
0x00007ff9e6d20000 - 0x00007ff9e6d39000 	C:\Users\RodrigoDEV\.vscode\extensions\redhat.java-1.11.0-win32-x64\jre\17.0.4.1-win32-x86_64\bin\net.dll
0x00007ff9f4cd0000 - 0x00007ff9f4dc1000 	C:\Windows\SYSTEM32\WINHTTP.dll
0x00007ff9fc010000 - 0x00007ff9fc077000 	C:\Windows\system32\mswsock.dll
0x00007ff9e19b0000 - 0x00007ff9e19c5000 	C:\Users\RodrigoDEV\.vscode\extensions\redhat.java-1.11.0-win32-x64\jre\17.0.4.1-win32-x86_64\bin\nio.dll
0x00007ff9ebbc0000 - 0x00007ff9ebbd0000 	c:\Users\RodrigoDEV\.vscode\extensions\redhat.java-1.11.0-win32-x64\jre\17.0.4.1-win32-x86_64\bin\verify.dll
0x00007ff9d44b0000 - 0x00007ff9d44ee000 	C:\Users\RodrigoDEV\AppData\Roaming\Code\User\globalStorage\redhat.java\1.11.0\config_win\org.eclipse.equinox.launcher\org.eclipse.equinox.launcher.win32.win32.x86_64_1.2.600.v20220720-1916\eclipse_11700.dll
0x00007ff9fde70000 - 0x00007ff9fdfc6000 	C:\Windows\System32\ole32.dll
0x00007ff9eadd0000 - 0x00007ff9eadd9000 	C:\Users\RodrigoDEV\.vscode\extensions\redhat.java-1.11.0-win32-x64\jre\17.0.4.1-win32-x86_64\bin\management.dll
0x00007ff9e5a70000 - 0x00007ff9e5a7b000 	C:\Users\RodrigoDEV\.vscode\extensions\redhat.java-1.11.0-win32-x64\jre\17.0.4.1-win32-x86_64\bin\management_ext.dll
0x00007ff9fbb70000 - 0x00007ff9fbba3000 	C:\Windows\system32\rsaenh.dll
0x00007ff9fd9f0000 - 0x00007ff9fda16000 	C:\Windows\System32\bcrypt.dll
0x00007ff9fcb10000 - 0x00007ff9fcb39000 	C:\Windows\SYSTEM32\USERENV.dll
0x00007ff9fc1e0000 - 0x00007ff9fc1ec000 	C:\Windows\SYSTEM32\CRYPTBASE.dll
0x00007ff9fbd20000 - 0x00007ff9fbd5d000 	C:\Windows\SYSTEM32\IPHLPAPI.DLL
0x00007ff9fecd0000 - 0x00007ff9fecd8000 	C:\Windows\System32\NSI.dll
0x00007ff9ef190000 - 0x00007ff9ef1a6000 	C:\Windows\SYSTEM32\dhcpcsvc6.DLL
0x00007ff9ef3c0000 - 0x00007ff9ef3dc000 	C:\Windows\SYSTEM32\dhcpcsvc.DLL
0x00007ff9fbd70000 - 0x00007ff9fbe36000 	C:\Windows\SYSTEM32\DNSAPI.dll
0x00007ff9ba860000 - 0x00007ff9ba8a4000 	C:\Users\RodrigoDEV\AppData\Local\Temp\jna-1689916079\jna9956368363419450881.dll
0x00007ff9ed620000 - 0x00007ff9ed62e000 	C:\Users\RodrigoDEV\.vscode\extensions\redhat.java-1.11.0-win32-x64\jre\17.0.4.1-win32-x86_64\bin\sunmscapi.dll
0x00007ff9fda20000 - 0x00007ff9fdc15000 	C:\Windows\System32\CRYPT32.dll
0x00007ff9fcbe0000 - 0x00007ff9fcbf2000 	C:\Windows\System32\MSASN1.dll
0x00007ff9fc2e0000 - 0x00007ff9fc306000 	C:\Windows\SYSTEM32\ncrypt.dll
0x00007ff9fc2a0000 - 0x00007ff9fc2dc000 	C:\Windows\SYSTEM32\NTASN1.dll

dbghelp: loaded successfully - version: 4.0.5 - missing functions: none
symbol engine: initialized successfully - sym options: 0x614 - pdb path: .;c:\Users\RodrigoDEV\.vscode\extensions\redhat.java-1.11.0-win32-x64\jre\17.0.4.1-win32-x86_64\bin;C:\Windows\SYSTEM32;C:\Windows\WinSxS\amd64_microsoft.windows.common-controls_6595b64144ccf1df_6.0.17763.3406_none_de6d5d06534ed2cb;c:\Users\RodrigoDEV\.vscode\extensions\redhat.java-1.11.0-win32-x64\jre\17.0.4.1-win32-x86_64\bin\server;C:\Users\RodrigoDEV\AppData\Roaming\Code\User\globalStorage\redhat.java\1.11.0\config_win\org.eclipse.equinox.launcher\org.eclipse.equinox.launcher.win32.win32.x86_64_1.2.600.v20220720-1916;C:\Users\RodrigoDEV\AppData\Local\Temp\jna-1689916079

VM Arguments:
jvm_args: --add-modules=ALL-SYSTEM --add-opens=java.base/java.util=ALL-UNNAMED --add-opens=java.base/java.lang=ALL-UNNAMED --add-opens=java.base/sun.nio.fs=ALL-UNNAMED -Declipse.application=org.eclipse.jdt.ls.core.id1 -Dosgi.bundles.defaultStartLevel=4 -Declipse.product=org.eclipse.jdt.ls.core.product -Djava.import.generatesMetadataFilesAtProjectRoot=false -Dfile.encoding=utf8 -DwatchParentProcess=false -XX:+UseParallelGC -XX:GCTimeRatio=4 -XX:AdaptiveSizePolicyWeight=90 -Dsun.zip.disableMemoryMapping=true -Xmx1G -Xms100m -Xlog:disable -javaagent:c:\Users\RodrigoDEV\.vscode\extensions\redhat.java-1.11.0-win32-x64\lombok\lombok-1.18.24.jar -XX:+HeapDumpOnOutOfMemoryError -XX:HeapDumpPath=c:\Users\RodrigoDEV\AppData\Roaming\Code\User\workspaceStorage\ec4e44069fe9ad3a1b566d6aa5bee982\redhat.java 
java_command: c:\Users\RodrigoDEV\.vscode\extensions\redhat.java-1.11.0-win32-x64\server\plugins\org.eclipse.equinox.launcher_1.6.400.v20210924-0641.jar -configuration c:\Users\RodrigoDEV\AppData\Roaming\Code\User\globalStorage\redhat.java\1.11.0\config_win -data c:\Users\RodrigoDEV\AppData\Roaming\Code\User\workspaceStorage\ec4e44069fe9ad3a1b566d6aa5bee982\redhat.java\jdt_ws
java_class_path (initial): c:\Users\RodrigoDEV\.vscode\extensions\redhat.java-1.11.0-win32-x64\server\plugins\org.eclipse.equinox.launcher_1.6.400.v20210924-0641.jar
Launcher Type: SUN_STANDARD

[Global flags]
    uintx AdaptiveSizePolicyWeight                 = 90                                        {product} {command line}
     intx CICompilerCount                          = 3                                         {product} {ergonomic}
    uintx GCTimeRatio                              = 4                                         {product} {command line}
     bool HeapDumpOnOutOfMemoryError               = true                                   {manageable} {command line}
    ccstr HeapDumpPath                             = c:\Users\RodrigoDEV\AppData\Roaming\Code\User\workspaceStorage\ec4e44069fe9ad3a1b566d6aa5bee982\redhat.java         {manageable} {command line}
   size_t InitialHeapSize                          = 104857600                                 {product} {command line}
   size_t MaxHeapSize                              = 1073741824                                {product} {command line}
   size_t MaxNewSize                               = 357564416                                 {product} {ergonomic}
   size_t MinHeapDeltaBytes                        = 524288                                    {product} {ergonomic}
   size_t MinHeapSize                              = 104857600                                 {product} {command line}
   size_t NewSize                                  = 34603008                                  {product} {ergonomic}
    uintx NonNMethodCodeHeapSize                   = 5832780                                {pd product} {ergonomic}
    uintx NonProfiledCodeHeapSize                  = 122912730                              {pd product} {ergonomic}
   size_t OldSize                                  = 70254592                                  {product} {ergonomic}
    uintx ProfiledCodeHeapSize                     = 122912730                              {pd product} {ergonomic}
    uintx ReservedCodeCacheSize                    = 251658240                              {pd product} {ergonomic}
     bool SegmentedCodeCache                       = true                                      {product} {ergonomic}
   size_t SoftMaxHeapSize                          = 1073741824                             {manageable} {ergonomic}
     bool UseCompressedClassPointers               = true                           {product lp64_product} {ergonomic}
     bool UseCompressedOops                        = true                           {product lp64_product} {ergonomic}
     bool UseLargePagesIndividualAllocation        = false                                  {pd product} {ergonomic}
     bool UseParallelGC                            = true                                      {product} {command line}

Logging:
Log output configuration:
 #0: stdout all=off uptime,level,tags
 #1: stderr all=off uptime,level,tags

Environment Variables:
JAVA_HOME=C:\Users\RodrigoDEV\AppData\Local\Programs\Eclipse Adoptium\jdk-17.0.3.7-hotspot\
PATH=C:\app\RodrigoDEV\product\18.0.0\dbhomeXE\bin;C:\Windows\system32;C:\Windows;C:\Windows\System32\Wbem;C:\Windows\System32\WindowsPowerShell\v1.0\;C:\Windows\System32\OpenSSH\;C:\Program Files\nodejs\;C:\Program Files\MySQL\MySQL Shell 8.0\bin\;C:\Users\RodrigoDEV\AppData\Local\Programs\Eclipse Adoptium\jdk-17.0.3.7-hotspot\bin;C:\Users\RodrigoDEV\AppData\Local\Microsoft\WindowsApps;C:\Program Files\JetBrains\IntelliJ IDEA Community Edition 2022.2\bin;;C:\Users\RodrigoDEV\AppData\Local\Programs\Microsoft VS Code\bin;C:\Users\RodrigoDEV\AppData\Local\GitHubDesktop\bin;C:\Program Files\heroku\bin;C:\Users\RodrigoDEV\AppData\Roaming\npm
USERNAME=RodrigoDEV
OS=Windows_NT
PROCESSOR_IDENTIFIER=Intel64 Family 6 Model 76 Stepping 4, GenuineIntel
TMP=C:\Users\RODRIG~1\AppData\Local\Temp
TEMP=C:\Users\RODRIG~1\AppData\Local\Temp



---------------  S Y S T E M  ---------------

OS:
 Windows 10 , 64 bit Build 17763 (10.0.17763.3287)
OS uptime: 0 days 0:31 hours

CPU: total 4 (initial active 4) (4 cores per cpu, 1 threads per core) family 6 model 76 stepping 4 microcode 0x411, cx8, cmov, fxsr, mmx, 3dnowpref, sse, sse2, sse3, ssse3, sse4.1, sse4.2, popcnt, tsc, tscinvbit, aes, erms, clmul, clflush

Memory: 4k page, system-wide physical 3955M (307M free)
TotalPageFile size 7162M (AvailPageFile size 4M)
current process WorkingSet (physical memory assigned to process): 182M, peak: 236M
current process commit charge ("private bytes"): 287M, peak: 302M

vm_info: OpenJDK 64-Bit Server VM (17.0.4.1+1) for windows-amd64 JRE (17.0.4.1+1), built on Aug 17 2022 07:42:43 by "temurin" with MS VC++ 16.7 (VS2019)

END.
